[2023-03-22 01:00:01] No active watchlists to update. Skipping...
[2023-03-22 01:01:01] No active watchlists to update. Skipping...
[2023-03-22 01:02:01] No active watchlists to update. Skipping...
[2023-03-22 01:03:01] No active watchlists to update. Skipping...
[2023-03-22 01:04:01] No active watchlists to update. Skipping...
[2023-03-22 01:05:01] No active watchlists to update. Skipping...
[2023-03-22 01:06:01] No active watchlists to update. Skipping...
[2023-03-22 01:07:01] No active watchlists to update. Skipping...
[2023-03-22 01:08:01] Last degods update was 11 minute(s) ago.
[2023-03-22 01:08:01] Updating...
[2023-03-22 01:08:11] apiGetListedTokens
[2023-03-22 01:08:12] updateTokenInfo
[2023-03-22 01:08:12] updateCollectionInfo
[2023-03-22 01:08:12] Finished updating. Seconds: 10.44
[2023-03-22 01:09:01] No active watchlists to update. Skipping...
[2023-03-22 01:10:01] No active watchlists to update. Skipping...
[2023-03-22 01:11:01] No active watchlists to update. Skipping...
[2023-03-22 01:12:01] No active watchlists to update. Skipping...
[2023-03-22 01:13:01] No active watchlists to update. Skipping...
[2023-03-22 01:14:01] No active watchlists to update. Skipping...
[2023-03-22 01:15:01] No active watchlists to update. Skipping...
[2023-03-22 01:16:01] No active watchlists to update. Skipping...
[2023-03-22 01:17:01] No active watchlists to update. Skipping...
[2023-03-22 01:18:01] No active watchlists to update. Skipping...
[2023-03-22 01:19:01] No active watchlists to update. Skipping...
[2023-03-22 01:20:01] No active watchlists to update. Skipping...
[2023-03-22 01:21:01] No active watchlists to update. Skipping...
[2023-03-22 01:22:01] No active watchlists to update. Skipping...
[2023-03-22 01:23:01] No active watchlists to update. Skipping...
[2023-03-22 01:24:01] No active watchlists to update. Skipping...
[2023-03-22 01:25:01] No active watchlists to update. Skipping...
[2023-03-22 01:26:01] No active watchlists to update. Skipping...
[2023-03-22 01:27:01] No active watchlists to update. Skipping...
[2023-03-22 01:28:01] No active watchlists to update. Skipping...
[2023-03-22 01:29:01] No active watchlists to update. Skipping...
[2023-03-22 01:30:01] No active watchlists to update. Skipping...
[2023-03-22 01:31:01] No active watchlists to update. Skipping...
[2023-03-22 01:32:01] No active watchlists to update. Skipping...
[2023-03-22 01:33:01] No active watchlists to update. Skipping...
[2023-03-22 01:34:01] No active watchlists to update. Skipping...
